<?xml version="1.0" encoding="UTF-8"?>
<testng-results skipped="0" failed="0" ignored="0" total="1" passed="1">
  <reporter-output>
  </reporter-output>
  <suite name="Default suite" duration-ms="19007" started-at="2020-03-22T12:40:46Z" finished-at="2020-03-22T12:41:05Z">
    <groups>
    </groups>
    <test name="Default test" duration-ms="19007" started-at="2020-03-22T12:40:46Z" finished-at="2020-03-22T12:41:05Z">
      <class name="tests.ExplicitWait">
        <test-method status="PASS" signature="TestWai()[pri:0, instance:tests.ExplicitWait@36d4b5c]" name="TestWai" duration-ms="18951" started-at="2020-03-22T12:40:46Z" finished-at="2020-03-22T12:41:05Z">
          <reporter-output>
          </reporter-output>
        </test-method> <!-- TestWai -->
      </class> <!-- tests.ExplicitWait -->
    </test> <!-- Default test -->
  </suite> <!-- Default suite -->
</testng-results>
